{"/home/hefler/Workspace/studio_sol/src/scripts/helpers/data/index.js": {"path":"/home/hefler/Workspace/studio_sol/src/scripts/helpers/data/index.js","statementMap":{},"fnMap":{},"branchMap":{},"s":{},"f":{},"b":{},"_coverageSchema":"1a1c01bbd47fc00a2c39e90264f33305004495a9","hash":"fac2c4f81d1cb1a8ba6504fc11e7ce146cb017e5"}
,"/home/hefler/Workspace/studio_sol/src/scripts/helpers/render/index.js": {"path":"/home/hefler/Workspace/studio_sol/src/scripts/helpers/render/index.js","statementMap":{},"fnMap":{},"branchMap":{},"s":{},"f":{},"b":{},"_coverageSchema":"1a1c01bbd47fc00a2c39e90264f33305004495a9","hash":"4711059c6747dcb49530b46102b74f8e4c1026a3"}
,"/home/hefler/Workspace/studio_sol/src/scripts/store/index.js": {"path":"/home/hefler/Workspace/studio_sol/src/scripts/store/index.js","statementMap":{},"fnMap":{},"branchMap":{},"s":{},"f":{},"b":{},"_coverageSchema":"1a1c01bbd47fc00a2c39e90264f33305004495a9","hash":"e9d745fbba7dcc756f3cfc9a753fc8b07813473c"}
}
