{"/home/hefler/Workspace/studio_sol/src/scripts/helpers/data/index.js": {"path":"/home/hefler/Workspace/studio_sol/src/scripts/helpers/data/index.js","statementMap":{},"fnMap":{},"branchMap":{},"s":{},"f":{},"b":{},"_coverageSchema":"1a1c01bbd47fc00a2c39e90264f33305004495a9","hash":"fac2c4f81d1cb1a8ba6504fc11e7ce146cb017e5"}
,"/home/hefler/Workspace/studio_sol/src/scripts/helpers/render/index.js": {"path":"/home/hefler/Workspace/studio_sol/src/scripts/helpers/render/index.js","statementMap":{},"fnMap":{},"branchMap":{},"s":{},"f":{},"b":{},"_coverageSchema":"1a1c01bbd47fc00a2c39e90264f33305004495a9","hash":"4711059c6747dcb49530b46102b74f8e4c1026a3"}
,"/home/hefler/Workspace/studio_sol/src/scripts/store/index.js": {"path":"/home/hefler/Workspace/studio_sol/src/scripts/store/index.js","statementMap":{},"fnMap":{},"branchMap":{},"s":{},"f":{},"b":{},"_coverageSchema":"1a1c01bbd47fc00a2c39e90264f33305004495a9","hash":"e9d745fbba7dcc756f3cfc9a753fc8b07813473c"}
,"/home/hefler/Workspace/studio_sol/src/scripts/store/stash.js": {"path":"/home/hefler/Workspace/studio_sol/src/scripts/store/stash.js","statementMap":{"0":{"start":{"line":5,"column":14},"end":{"line":5,"column":16}},"1":{"start":{"line":13,"column":21},"end":{"line":16,"column":1}},"2":{"start":{"line":14,"column":2},"end":{"line":14,"column":21}},"3":{"start":{"line":15,"column":2},"end":{"line":15,"column":15}},"4":{"start":{"line":22,"column":20},"end":{"line":22,"column":39}},"5":{"start":{"line":22,"column":29},"end":{"line":22,"column":39}}},"fnMap":{"0":{"name":"(anonymous_0)","decl":{"start":{"line":13,"column":21},"end":{"line":13,"column":22}},"loc":{"start":{"line":13,"column":37},"end":{"line":16,"column":1}},"line":13},"1":{"name":"(anonymous_1)","decl":{"start":{"line":22,"column":20},"end":{"line":22,"column":21}},"loc":{"start":{"line":22,"column":29},"end":{"line":22,"column":39}},"line":22}},"branchMap":{},"s":{"0":3,"1":3,"2":6,"3":6,"4":3,"5":5},"f":{"0":6,"1":5},"b":{},"_coverageSchema":"1a1c01bbd47fc00a2c39e90264f33305004495a9","hash":"0734ab2079c608a3cc28b9b7f16c2c1a2325e0f8"}
}
