TN:
SF:src/scripts/helpers/data/index.js
FNF:0
FNH:0
LF:0
LH:0
BRF:0
BRH:0
end_of_record
TN:
SF:src/scripts/helpers/data/validate.js
FN:6,(anonymous_0)
FNF:1
FNH:1
FNDA:303,(anonymous_0)
DA:6,1
DA:7,303
DA:9,303
DA:10,303
DA:11,303
DA:12,303
DA:14,303
LF:7
LH:7
BRDA:9,0,0,1
BRDA:9,0,1,302
BRDA:10,1,0,1
BRDA:10,1,1,302
BRDA:11,2,0,1
BRDA:11,2,1,302
BRDA:12,3,0,0
BRDA:12,3,1,303
BRDA:14,4,0,2
BRDA:14,4,1,301
BRF:10
BRH:9
end_of_record
TN:
SF:src/scripts/helpers/render/appendToBody.js
FN:5,(anonymous_0)
FNF:1
FNH:1
FNDA:1,(anonymous_0)
DA:5,2
DA:6,1
DA:7,1
DA:8,0
DA:10,1
LF:5
LH:4
BRDA:7,0,0,0
BRDA:7,0,1,1
BRF:2
BRH:1
end_of_record
TN:
SF:src/scripts/helpers/render/index.js
FNF:0
FNH:0
LF:0
LH:0
BRF:0
BRH:0
end_of_record
TN:
SF:src/scripts/store/index.js
FNF:0
FNH:0
LF:0
LH:0
BRF:0
BRH:0
end_of_record
TN:
SF:src/scripts/store/stash.js
FN:13,(anonymous_0)
FN:22,(anonymous_1)
FNF:2
FNH:2
FNDA:6,(anonymous_0)
FNDA:5,(anonymous_1)
DA:5,3
DA:13,3
DA:14,6
DA:15,6
DA:22,5
LF:5
LH:5
BRF:0
BRH:0
end_of_record
